<?xml version="1.0" encoding="UTF-8"?>
<testng-results ignored="0" total="3" passed="3" failed="0" skipped="0">
  <reporter-output>
  </reporter-output>
  <suite started-at="2022-04-13T18:24:56 IST" name="ExampleSuite" finished-at="2022-04-13T18:24:56 IST" duration-ms="126">
    <groups>
    </groups>
    <test started-at="2022-04-13T18:24:56 IST" name="SuiteTests" finished-at="2022-04-13T18:24:56 IST" duration-ms="126">
      <class name="suiteExample.DemoOne">
        <test-method signature="firstTestCase()[pri:0, instance:suiteExample.DemoOne@3e694b3f]" started-at="2022-04-13T18:24:56 IST" name="firstTestCase" finished-at="2022-04-13T18:24:56 IST" duration-ms="11" status="PASS">
          <reporter-output>
          </reporter-output>
        </test-method> <!-- firstTestCase -->
        <test-method signature="secondTestCase()[pri:0, instance:suiteExample.DemoOne@3e694b3f]" started-at="2022-04-13T18:24:56 IST" name="secondTestCase" finished-at="2022-04-13T18:24:56 IST" duration-ms="0" status="PASS">
          <reporter-output>
          </reporter-output>
        </test-method> <!-- secondTestCase -->
      </class> <!-- suiteExample.DemoOne -->
      <class name="suiteExample.DemoTwo">
        <test-method signature="TestCase()[pri:0, instance:suiteExample.DemoTwo@22555ebf]" started-at="2022-04-13T18:24:56 IST" name="TestCase" finished-at="2022-04-13T18:24:56 IST" duration-ms="2" status="PASS">
          <reporter-output>
          </reporter-output>
        </test-method> <!-- TestCase -->
      </class> <!-- suiteExample.DemoTwo -->
    </test> <!-- SuiteTests -->
  </suite> <!-- ExampleSuite -->
</testng-results>
